{"meta": {"version": "6.3.2", "timestamp": "2022-06-19T13:52:26.796770", "branch_coverage": false, "show_contexts": false}, "files": {"src/__init__.py": {"executed_lines": [1], "summary": {"covered_lines": 0, "num_statements": 0, "percent_covered": 100.0, "percent_covered_display": "100", "missing_lines": 0, "excluded_lines": 0}, "missing_lines": [], "excluded_lines": []}, "src/data_loader/__init__.py": {"executed_lines": [1], "summary": {"covered_lines": 0, "num_statements": 0, "percent_covered": 100.0, "percent_covered_display": "100", "missing_lines": 0, "excluded_lines": 0}, "missing_lines": [], "excluded_lines": []}, "src/data_loader/data_loader.py": {"executed_lines": [1, 4, 5, 7, 8, 10, 11, 12, 13, 14, 15, 17, 19, 20, 21, 22, 23, 24, 25, 26], "summary": {"covered_lines": 19, "num_statements": 19, "percent_covered": 100.0, "percent_covered_display": "100", "missing_lines": 0, "excluded_lines": 0}, "missing_lines": [], "excluded_lines": []}, "src/data_loader/preprocessing.py": {"executed_lines": [1, 2, 5, 6, 7, 8, 9, 10, 11, 12, 13, 14, 15, 16, 17, 18, 19, 20, 22, 24, 25, 28, 30, 33, 34, 36, 67, 70, 71, 72, 74, 76, 77, 78, 79, 80, 84, 85, 87, 89, 90, 91, 92, 93, 97, 98], "summary": {"covered_lines": 46, "num_statements": 70, "percent_covered": 65.71428571428571, "percent_covered_display": "66", "missing_lines": 24, "excluded_lines": 0}, "missing_lines": [37, 38, 39, 40, 41, 42, 44, 45, 46, 47, 48, 49, 50, 51, 52, 53, 54, 55, 56, 57, 58, 60, 64, 65], "excluded_lines": []}, "src/model/__init__.py": {"executed_lines": [1], "summary": {"covered_lines": 0, "num_statements": 0, "percent_covered": 100.0, "percent_covered_display": "100", "missing_lines": 0, "excluded_lines": 0}, "missing_lines": [], "excluded_lines": []}, "src/model/base_model.py": {"executed_lines": [1, 2, 5, 6, 7, 9, 10, 13, 14, 17, 18, 21, 22, 25, 26], "summary": {"covered_lines": 15, "num_statements": 20, "percent_covered": 75.0, "percent_covered_display": "75", "missing_lines": 5, "excluded_lines": 0}, "missing_lines": [11, 15, 19, 23, 27], "excluded_lines": []}, "src/model/parcel_based_kappa_with_area_weights.py": {"executed_lines": [1, 2, 3, 4, 5, 6, 7, 8, 11, 18, 20, 22, 25, 34, 35, 36, 38, 40, 43, 51, 52, 54, 56, 59, 62, 63, 64, 66, 71, 74, 76, 79, 84, 85, 88, 89, 91, 92, 93, 95, 96, 98, 99, 100, 101, 103], "summary": {"covered_lines": 46, "num_statements": 46, "percent_covered": 100.0, "percent_covered_display": "100", "missing_lines": 0, "excluded_lines": 0}, "missing_lines": [], "excluded_lines": []}, "src/model/unet.py": {"executed_lines": [1, 2, 4, 5, 6, 8, 9, 10, 11, 12, 13, 14, 15, 16, 19, 20, 22, 23, 24, 25, 26, 27, 28, 29, 30, 31, 32, 33, 34, 35, 36, 37, 38, 39, 40, 41, 42, 43, 44, 45, 46, 47, 48, 49, 50, 51, 52, 53, 55, 57, 59, 62, 63, 64, 66, 67, 70, 72, 84, 86, 93, 94, 96, 97, 99, 101, 102, 103, 105, 106, 107, 108, 110, 111, 113, 116, 117, 118, 121, 122, 123, 131, 133, 134, 136, 140, 142, 144, 147, 148, 149, 153, 154, 155, 156, 157, 159, 160, 161, 162, 164, 165, 167, 168, 169, 170, 175, 176, 177, 179, 180, 182, 184, 185, 187, 189, 190, 193, 194, 195, 196, 197, 200, 201, 202, 203, 204, 205, 206, 207, 208, 211, 213, 215, 216, 217, 218, 219, 220, 221, 222, 223, 224, 225, 226, 228, 230, 231, 233, 234, 235, 236, 237, 238, 239, 240, 242, 243, 244, 245, 247, 248, 249, 250, 252, 253, 254, 255, 256, 257, 258, 260, 261, 263, 265, 266, 268, 273, 274, 275, 276, 277, 279, 282, 286, 288, 290, 292, 293, 295, 296, 297, 298, 299, 300, 302, 303, 304, 306, 309, 311, 313, 314, 315, 316, 317, 318, 319, 320, 321, 322, 324, 325, 326, 327, 329, 331, 333, 335, 336, 337, 338, 339, 340, 341, 342, 343, 344], "summary": {"covered_lines": 227, "num_statements": 231, "percent_covered": 98.26839826839827, "percent_covered_display": "98", "missing_lines": 4, "excluded_lines": 0}, "missing_lines": [152, 173, 191, 212], "excluded_lines": []}, "src/utils/__init__.py": {"executed_lines": [1], "summary": {"covered_lines": 0, "num_statements": 0, "percent_covered": 100.0, "percent_covered_display": "100", "missing_lines": 0, "excluded_lines": 0}, "missing_lines": [], "excluded_lines": []}, "src/utils/config.py": {"executed_lines": [1, 4, 5, 7, 8, 9, 10, 12, 13, 15, 16, 19, 20, 22, 23], "summary": {"covered_lines": 13, "num_statements": 13, "percent_covered": 100.0, "percent_covered_display": "100", "missing_lines": 0, "excluded_lines": 0}, "missing_lines": [], "excluded_lines": []}}, "totals": {"covered_lines": 366, "num_statements": 399, "percent_covered": 91.72932330827068, "percent_covered_display": "92", "missing_lines": 33, "excluded_lines": 0}}